cycle 0
$00: 0x00000000
$01: 0x00000000
$02: 0x00000000
$03: 0x00000000
$04: 0x00000000
$05: 0x00000000
$06: 0x00000000
$07: 0x00000000
$08: 0x00000000
$09: 0x00000000
$10: 0x00000000
$11: 0x00000000
$12: 0x00000000
$13: 0x00000000
$14: 0x00000000
$15: 0x00000000
$16: 0x00000000
$17: 0x00000000
$18: 0x00000000
$19: 0x00000000
$20: 0x00000000
$21: 0x00000000
$22: 0x00000000
$23: 0x00000000
$24: 0x00000000
$25: 0x00000000
$26: 0x00000000
$27: 0x00000000
$28: 0x00000000
$29: 0x00000400
$30: 0x00000000
$31: 0x00000000
$HI: 0x00000000
$LO: 0x00000000
PC: 0x00000150


cycle 1
PC: 0x00000154


cycle 2
$31: 0x00000158
PC: 0x00000168


cycle 3
$29: 0x000003F8
PC: 0x0000016C


cycle 4
PC: 0x00000170


cycle 5
PC: 0x00000174


cycle 6
$08: 0x00000002
PC: 0x00000178


cycle 7
PC: 0x0000017C


cycle 8
PC: 0x0000018C


cycle 9
PC: 0x00000190


cycle 10
$17: 0x00001234
PC: 0x00000194


cycle 11
$04: 0x00000001
PC: 0x00000198


cycle 12
$04: 0x00000002
PC: 0x0000019C


cycle 13
$31: 0x000001A0
PC: 0x00000168


cycle 14
$29: 0x000003F0
PC: 0x0000016C


cycle 15
PC: 0x00000170


cycle 16
PC: 0x00000174


cycle 17
PC: 0x00000178


cycle 18
PC: 0x0000017C


cycle 19
PC: 0x0000018C


cycle 20
$16: 0x00000008
PC: 0x00000190


cycle 21
$17: 0x00000002
PC: 0x00000194


cycle 22
$04: 0x00000003
PC: 0x00000198


cycle 23
$04: 0x00000006
PC: 0x0000019C


cycle 24
PC: 0x00000168


cycle 25
$29: 0x000003E8
PC: 0x0000016C


cycle 26
PC: 0x00000170


cycle 27
PC: 0x00000174


cycle 28
PC: 0x00000178


cycle 29
$09: 0x00000001
PC: 0x0000017C


cycle 30
PC: 0x00000180


cycle 31
$02: 0x00000008
PC: 0x00000184


cycle 32
$29: 0x000003F0
PC: 0x00000188


cycle 33
PC: 0x000001A0


cycle 34
$17: 0x0000000A
PC: 0x000001A4


cycle 35
$04: 0x00000005
PC: 0x000001A8


cycle 36
$31: 0x000001AC
PC: 0x00000168


cycle 37
$29: 0x000003E8
PC: 0x0000016C


cycle 38
PC: 0x00000170


cycle 39
PC: 0x00000174


cycle 40
PC: 0x00000178


cycle 41
PC: 0x0000017C


cycle 42
PC: 0x00000180


cycle 43
PC: 0x00000184


cycle 44
$29: 0x000003F0
PC: 0x00000188


cycle 45
PC: 0x000001AC


cycle 46
$02: 0x00000012
PC: 0x000001B0


cycle 47
$04: 0x00000002
PC: 0x000001B4


cycle 48
$31: 0x000001A0
PC: 0x000001B8


cycle 49
$29: 0x000003F8
PC: 0x000001BC


cycle 50
PC: 0x000001A0


cycle 51
$17: 0x0000001C
PC: 0x000001A4


cycle 52
$04: 0x00000001
PC: 0x000001A8


cycle 53
$31: 0x000001AC
PC: 0x00000168


cycle 54
$29: 0x000003F0
PC: 0x0000016C


cycle 55
PC: 0x00000170


cycle 56
PC: 0x00000174


cycle 57
PC: 0x00000178


cycle 58
$09: 0x00000000
PC: 0x0000017C


cycle 59
PC: 0x0000018C


cycle 60
$16: 0x00000004
PC: 0x00000190


cycle 61
$17: 0x7FFFFFFF
PC: 0x00000194


cycle 62
$04: 0x00000002
PC: 0x00000198


cycle 63
$04: 0x00000004
PC: 0x0000019C


cycle 64
$31: 0x000001A0
PC: 0x00000168


cycle 65
$29: 0x000003E8
PC: 0x0000016C


cycle 66
PC: 0x00000170


cycle 67
PC: 0x00000174


cycle 68
PC: 0x00000178


cycle 69
$09: 0x00000001
PC: 0x0000017C


cycle 70
PC: 0x00000180


cycle 71
$02: 0x00000008
PC: 0x00000184


cycle 72
$29: 0x000003F0
PC: 0x00000188


cycle 73
PC: 0x000001A0


cycle 74
$17: 0x80000007
PC: 0x000001A4


cycle 75
$04: 0x00000003
PC: 0x000001A8


cycle 76
$31: 0x000001AC
PC: 0x00000168


cycle 77
$29: 0x000003E8
PC: 0x0000016C


cycle 78
PC: 0x00000170


cycle 79
PC: 0x00000174


cycle 80
PC: 0x00000178


cycle 81
PC: 0x0000017C


cycle 82
PC: 0x00000180


cycle 83
PC: 0x00000184


cycle 84
$29: 0x000003F0
PC: 0x00000188


cycle 85
PC: 0x000001AC


cycle 86
$02: 0x8000000F
PC: 0x000001B0


cycle 87
$04: 0x00000001
PC: 0x000001B4


cycle 88
PC: 0x000001B8


cycle 89
$29: 0x000003F8
PC: 0x000001BC


cycle 90
PC: 0x000001AC


cycle 91
$02: 0x00000016
PC: 0x000001B0


cycle 92
$04: 0x00000000
PC: 0x000001B4


cycle 93
$31: 0x00000158
PC: 0x000001B8


cycle 94
$29: 0x00000400
PC: 0x000001BC


cycle 95
PC: 0x00000158


